  Compiling CUDA source file util\renderer.cu...
  
  D:\Microsoft Visual Studio\Projects\RayTracingByCuda>"C:\Program Files\NVIDIA GPU Computing Toolkit\CUDA\v11.1\bin\nvcc.exe" -gencode=arch=compute_52,code=\"sm_52,compute_52\" --use-local-env -ccbin "D:\Microsoft Visual Studio\2019\Community\VC\Tools\MSVC\14.28.29333\bin\HostX86\x64" -x cu   -ID:\libForRayTracing\SDL2\include -I"D:\libForRayTracing\oidn-1.2.4.x64.vc14.windows\include" -I"C:\Program Files\NVIDIA GPU Computing Toolkit\CUDA\v11.1\include" -I"C:\Program Files\NVIDIA GPU Computing Toolkit\CUDA\v11.1\include"     --keep-dir x64\Release -maxrregcount=0  --machine 64 --compile -cudart static     -DNDEBUG -D_CONSOLE -D_UNICODE -DUNICODE -Xcompiler "/EHsc /W3 /nologo /O2 /Fdx64\Release\vc142.pdb /FS   /MD " -o x64\Release\renderer.cu.obj "D:\Microsoft Visual Studio\Projects\RayTracingByCuda\util\renderer.cu" 
D:\Microsoft Visual Studio\Projects\RayTracingByCuda\util\image.h(35): warning : calling a __host__ function from a __host__ __device__ function is not allowed
  
D:\Microsoft Visual Studio\Projects\RayTracingByCuda\util\image.h(35): warning : calling a __host__ function from a __host__ __device__ function is not allowed
  
D:\Microsoft Visual Studio\Projects\RayTracingByCuda\util\image.h(60): warning : calling a __host__ function from a __host__ __device__ function is not allowed
  
D:\Microsoft Visual Studio\Projects\RayTracingByCuda\util\image.h(60): warning : calling a __host__ function from a __host__ __device__ function is not allowed
  
D:\Microsoft Visual Studio\Projects\RayTracingByCuda\util\image.h(60): warning : calling a __host__ function from a __host__ __device__ function is not allowed
  
D:\Microsoft Visual Studio\Projects\RayTracingByCuda\util\image.h(61): warning : calling a __host__ function from a __host__ __device__ function is not allowed
  
D:\Microsoft Visual Studio\Projects\RayTracingByCuda\util\image.h(64): warning : calling a __host__ function from a __host__ __device__ function is not allowed
  
D:\Microsoft Visual Studio\Projects\RayTracingByCuda\util\image.h(64): warning : calling a __host__ function from a __host__ __device__ function is not allowed
  
D:\Microsoft Visual Studio\Projects\RayTracingByCuda\util\image.h(64): warning : calling a __host__ function from a __host__ __device__ function is not allowed
  
D:\Microsoft Visual Studio\Projects\RayTracingByCuda\util\image.h(65): warning : calling a __host__ function from a __host__ __device__ function is not allowed
  
D:\Microsoft Visual Studio\Projects\RayTracingByCuda\util\image.h(66): warning : calling a __host__ function from a __host__ __device__ function is not allowed
  
D:\Microsoft Visual Studio\Projects\RayTracingByCuda\util\image.h(67): warning : calling a __host__ function from a __host__ __device__ function is not allowed
  
D:\Microsoft Visual Studio\Projects\RayTracingByCuda\util\image.h(68): warning : calling a __host__ function from a __host__ __device__ function is not allowed
  
D:\Microsoft Visual Studio\Projects\RayTracingByCuda\util\image.h(127): warning : calling a __host__ function from a __host__ __device__ function is not allowed
  
D:\Microsoft Visual Studio\Projects\RayTracingByCuda\util\image.h(127): warning : calling a __host__ function from a __host__ __device__ function is not allowed
  
D:\Microsoft Visual Studio\Projects\RayTracingByCuda\util\window.h(92): warning : address of a host variable "std::cout" cannot be directly taken in a device function
  
D:\Microsoft Visual Studio\Projects\RayTracingByCuda\util\window.h(50): warning : calling a __host__ function("SDL_Init") from a __host__ __device__ function("Window::Window") is not allowed
  
D:\Microsoft Visual Studio\Projects\RayTracingByCuda\util\window.h(56): warning : calling a __host__ function("SDL_CreateWindow") from a __host__ __device__ function("Window::Window") is not allowed
  
D:\Microsoft Visual Studio\Projects\RayTracingByCuda\util\window.h(61): warning : calling a __host__ function("SDL_CreateRenderer") from a __host__ __device__ function("Window::Window") is not allowed
  
D:\Microsoft Visual Studio\Projects\RayTracingByCuda\util\window.h(68): warning : calling a __host__ function("SDL_RenderSetLogicalSize") from a __host__ __device__ function("Window::Window") is not allowed
  
D:\Microsoft Visual Studio\Projects\RayTracingByCuda\util\window.h(69): warning : calling a __host__ function("SDL_SetRenderDrawColor") from a __host__ __device__ function("Window::Window") is not allowed
  
D:\Microsoft Visual Studio\Projects\RayTracingByCuda\util\window.h(70): warning : calling a __host__ function("SDL_RenderClear") from a __host__ __device__ function("Window::Window") is not allowed
  
D:\Microsoft Visual Studio\Projects\RayTracingByCuda\util\window.h(71): warning : calling a __host__ function("SDL_RenderPresent") from a __host__ __device__ function("Window::Window") is not allowed
  
D:\Microsoft Visual Studio\Projects\RayTracingByCuda\util\window.h(73): warning : calling a __host__ function("SDL_CreateTexture") from a __host__ __device__ function("Window::Window") is not allowed
  
CUDACOMPILE : ptxas warning : Stack size for entry function '_Z11simpleScenePP7hitableS1_' cannot be statically determined
CUDACOMPILE : ptxas warning : Stack size for entry function '_Z6renderP6cameraP5ImageP7hitableP8Rendereri' cannot be statically determined
D:/Microsoft Visual Studio/Projects/RayTracingByCuda/util/renderer.cu(23): warning : a __device__ variable "numHitables" cannot be directly written in a host function
  
D:/Microsoft Visual Studio/Projects/RayTracingByCuda/util/renderer.cu(26): warning : a __device__ variable "numHitables" cannot be directly written in a host function
  
D:/Microsoft Visual Studio/Projects/RayTracingByCuda/util/renderer.cu(29): warning : a __device__ variable "numHitables" cannot be directly written in a host function
  
D:/Microsoft Visual Studio/Projects/RayTracingByCuda/util/renderer.cu(32): warning : a __device__ variable "numHitables" cannot be directly written in a host function
  
D:/Microsoft Visual Studio/Projects/RayTracingByCuda/util/renderer.cu(35): warning : a __device__ variable "numHitables" cannot be directly written in a host function
  
D:/Microsoft Visual Studio/Projects/RayTracingByCuda/util/renderer.cu(40): warning : a __device__ variable "numHitables" cannot be directly read in a host function
  
  renderer.cu
D:\Microsoft Visual Studio\Projects\RayTracingByCuda\util\vec3.h(55): warning C4244: “初始化”: 从“double”转换到“float”，可能丢失数据
D:\Microsoft Visual Studio\Projects\RayTracingByCuda\util\vec3.h(134): warning C4244: “初始化”: 从“double”转换到“float”，可能丢失数据
D:\Microsoft Visual Studio\Projects\RayTracingByCuda\util\camera.h(47): warning C4244: “初始化”: 从“double”转换到“float”，可能丢失数据
D:\Microsoft Visual Studio\Projects\RayTracingByCuda\util\camera.h(79): warning C4244: “初始化”: 从“double”转换到“float”，可能丢失数据
D:\Microsoft Visual Studio\Projects\RayTracingByCuda\util\window.h(27): warning C4305: “初始化”: 从“double”到“const float”截断
D:\Microsoft Visual Studio\Projects\RayTracingByCuda\util\window.h(114): warning C4244: “=”: 从“double”转换到“float”，可能丢失数据
D:\Microsoft Visual Studio\Projects\RayTracingByCuda\util\window.h(187): warning C4244: “+=”: 从“double”转换到“float”，可能丢失数据
D:\Microsoft Visual Studio\Projects\RayTracingByCuda\util\window.h(191): warning C4244: “=”: 从“double”转换到“float”，可能丢失数据
D:\Microsoft Visual Studio\Projects\RayTracingByCuda\util\window.h(192): warning C4244: “+=”: 从“double”转换到“float”，可能丢失数据
LINK : warning LNK4075: 忽略“/INCREMENTAL”(由于“/LTCG”规范)
  正在生成代码
  0 of 267 functions ( 0.0%) were compiled, the rest were copied from previous compilation.
    0 functions were new in current compilation
    0 functions had inline decision re-evaluated but remain unchanged
  已完成代码的生成
  RayTracingByCuda.vcxproj -> D:\Microsoft Visual Studio\Projects\RayTracingByCuda\x64\Release\RayTracingByCuda.exe
