d:\microsoft visual studio\projects\raytracingbycuda\x64\release\vc142.pdb
d:\microsoft visual studio\projects\raytracingbycuda\x64\release\renderer.obj
d:\microsoft visual studio\projects\raytracingbycuda\x64\release\raytracer.obj
d:\microsoft visual studio\projects\raytracingbycuda\x64\release\util.obj
d:\microsoft visual studio\projects\raytracingbycuda\x64\release\raytracingbycuda.exe
d:\microsoft visual studio\projects\raytracingbycuda\x64\release\raytracingbycuda.pdb
d:\microsoft visual studio\projects\raytracingbycuda\x64\release\raytracingbycuda.ipdb
d:\microsoft visual studio\projects\raytracingbycuda\x64\release\raytracingbycuda.iobj
d:\microsoft visual studio\projects\raytracingbycuda\x64\release\image.cu.cache
d:\microsoft visual studio\projects\raytracingbycuda\x64\release\renderer.cu.cache
d:\microsoft visual studio\projects\raytracingbycuda\x64\release\image.cu.obj
d:\microsoft visual studio\projects\raytracingbycuda\x64\release\renderer.cu.obj
d:\microsoft visual studio\projects\raytracingbycuda\x64\release\raytracer.nativecodeanalysis.xml
d:\microsoft visual studio\projects\raytracingbycuda\x64\release\renderer.nativecodeanalysis.xml
d:\microsoft visual studio\projects\raytracingbycuda\x64\release\util.nativecodeanalysis.xml
d:\microsoft visual studio\projects\raytracingbycuda\x64\release\vc.nativecodeanalysis.all.xml
d:\microsoft visual studio\projects\raytracingbycuda\x64\release\raytracingbycuda.tlog\cl.command.1.tlog
d:\microsoft visual studio\projects\raytracingbycuda\x64\release\raytracingbycuda.tlog\cl.read.1.tlog
d:\microsoft visual studio\projects\raytracingbycuda\x64\release\raytracingbycuda.tlog\cl.write.1.tlog
d:\microsoft visual studio\projects\raytracingbycuda\x64\release\raytracingbycuda.tlog\cudacompile.read.1u.tlog
d:\microsoft visual studio\projects\raytracingbycuda\x64\release\raytracingbycuda.tlog\cudacompile.write.1u.tlog
d:\microsoft visual studio\projects\raytracingbycuda\x64\release\raytracingbycuda.tlog\link.command.1.tlog
d:\microsoft visual studio\projects\raytracingbycuda\x64\release\raytracingbycuda.tlog\link.read.1.tlog
d:\microsoft visual studio\projects\raytracingbycuda\x64\release\raytracingbycuda.tlog\link.write.1.tlog
d:\microsoft visual studio\projects\raytracingbycuda\x64\release\raytracingbycuda.tlog\raytracingbycuda.write.1u.tlog
